<?xml version="1.0"?>
<testsuites>
  <testsuite name="Chrome 40.0.2214 (Mac OS X 10.10.3)" package="" timestamp="2015-02-28T19:17:19" id="0" hostname="MBP-de-Team" tests="1" errors="0" failures="0" time="0.004">
    <properties>
      <property name="browser.fullName" value="Mozilla/5.0 (Macintosh; Intel Mac OS X 10_10_3) AppleWebKit/537.36 (KHTML, like Gecko) Chrome/40.0.2214.115 Safari/537.36"/>
    </properties>
    <testcase name="should be instanciated" time="0.004" classname="Chrome 40.0.2214 (Mac OS X 10.10.3).ek_Class"/>
    <system-out><![CDATA[
]]></system-out>
    <system-err/>
  </testsuite>
</testsuites>
